{
  "RSpec": {
    "coverage": {
      "/Users/benbruscella/Projects/Github/acts_as_chattable/lib/acts_as_chattable.rb": [
        1,
        1,
        1,
        1,
        1,
        1,
        null,
        1,
        21,
        21,
        null,
        0,
        null,
        null,
        null,
        null,
        1
      ],
      "/Users/benbruscella/Projects/Github/acts_as_chattable/lib/acts_as_chattable/railtie.rb": [
        1,
        1,
        null,
        1,
        1,
        1,
        1,
        null,
        null,
        1,
        1,
        null,
        null,
        null
      ],
      "/Users/benbruscella/Projects/Github/acts_as_chattable/lib/acts_as_chattable/model.rb": [
        1,
        1,
        null,
        1,
        1,
        null,
        null,
        1,
        1,
        null,
        null,
        null,
        null,
        null,
        null,
        1,
        31,
        null,
        null,
        null,
        null,
        null,
        31,
        null,
        31,
        null,
        null,
        null,
        31,
        null,
        null,
        null,
        null,
        31,
        null,
        31,
        31,
        null,
        0,
        0,
        null,
        null,
        31,
        31,
        null,
        31,
        null,
        null,
        null,
        null,
        1,
        70,
        null,
        null,
        null,
        null,
        1,
        null,
        null,
        1,
        35,
        35,
        null,
        35,
        null,
        null,
        1,
        null,
        null,
        null,
        4,
        null,
        null,
        null,
        1,
        12,
        12,
        12,
        null,
        12,
        null,
        null,
        null,
        1,
        8,
        8,
        8,
        null,
        8,
        null,
        null,
        null,
        1,
        5,
        null,
        null,
        null,
        null,
        null,
        null,
        null,
        null,
        1,
        38,
        null,
        38,
        null,
        37,
        37,
        null,
        null,
        1,
        null,
        null,
        38,
        38,
        38,
        38,
        null,
        38,
        null,
        null,
        null,
        null,
        null,
        null,
        null,
        null,
        null,
        1,
        1,
        null,
        null,
        null,
        1,
        8,
        null,
        8,
        null,
        5,
        null,
        2,
        null,
        1,
        null,
        null,
        7,
        null,
        null,
        null,
        1,
        3,
        null,
        3,
        null,
        2,
        null,
        0,
        null,
        1,
        null,
        null,
        2,
        null,
        null,
        null,
        null
      ],
      "/Users/benbruscella/Projects/Github/acts_as_chattable/lib/acts_as_chattable/relation.rb": [
        1,
        1,
        1,
        null,
        1,
        9,
        9,
        9,
        9,
        null,
        null,
        null,
        null,
        null
      ],
      "/Users/benbruscella/Projects/Github/acts_as_chattable/spec/support/admin.rb": [
        1,
        1,
        null
      ],
      "/Users/benbruscella/Projects/Github/acts_as_chattable/lib/acts_as_chattable/message.rb": [
        1,
        1,
        1,
        1,
        null,
        1,
        1,
        null,
        1,
        null,
        15,
        4,
        36,
        null,
        null,
        null,
        null,
        null,
        null,
        null,
        null,
        null,
        null,
        null,
        null,
        null,
        null,
        3,
        4,
        1,
        null,
        1,
        0,
        null,
        null,
        1,
        4,
        null,
        1,
        1,
        null,
        1,
        1,
        null,
        1,
        1,
        null,
        1,
        1,
        null,
        1,
        0,
        null,
        null,
        1,
        0,
        null,
        null,
        1,
        0,
        null,
        null,
        1,
        7,
        null,
        null,
        1,
        1,
        null,
        null,
        1,
        0,
        null,
        null,
        null
      ],
      "/Users/benbruscella/Projects/Github/acts_as_chattable/lib/acts_as_chattable/rails4.rb": [
        1,
        1,
        1,
        21,
        null,
        null,
        1,
        133,
        null,
        null,
        1,
        20,
        null,
        null,
        1,
        132,
        null,
        null,
        null
      ],
      "/Users/benbruscella/Projects/Github/acts_as_chattable/spec/support/send_message.rb": [
        1,
        34,
        null
      ],
      "/Users/benbruscella/Projects/Github/acts_as_chattable/spec/support/user.rb": [
        1,
        1,
        null,
        null,
        1,
        null
      ]
    },
    "timestamp": 1376119382
  }
}
